>  $ ngspice -b 01-vector.sp

Note: No compatibility mode selected!


Circuit: exemplo 01

                                Constant values
                                constants  Wed Dec 27 18:41:13 UTC 2023
--------------------------------------------------------------------------------
Index   myvec
--------------------------------------------------------------------------------
0       0.000000e+00
1       1.000000e+00
2       2.000000e+00
3       3.000000e+00
4       4.000000e+00
Too many dimensions given. Only 1 are present.
myvec = 3.141593e+00,3.141593e+00
                                Constant values
                                constants  Wed Dec 27 18:41:13 UTC 2023
--------------------------------------------------------------------------------
Index   myvec
--------------------------------------------------------------------------------
0       0.000000e+00,   0.000000e+00
1       0.000000e+00,   1.000000e+00
2       0.000000e+00,   2.000000e+00
3       0.000000e+00,   3.000000e+00
4       0.000000e+00,   4.000000e+00
Too many dimensions given. Only 1 are present.
                                Constant values
                                constants  Wed Dec 27 18:41:13 UTC 2023
--------------------------------------------------------------------------------
Index   myvec
--------------------------------------------------------------------------------
0       3.141593e+00,   3.141593e+00
1       0.000000e+00,   1.000000e+00
2       0.000000e+00,   2.000000e+00
3       0.000000e+00,   3.000000e+00
4       0.000000e+00,   4.000000e+00
Note: No ".plot", ".print", or ".fourier" lines; no simulations run
